\BOOKMARK [1][-]{section.1}{Introduction}{}% 1
\BOOKMARK [2][-]{subsection.1.1}{Variational Autoencoders}{section.1}% 2
\BOOKMARK [2][-]{subsection.1.2}{Autoencoding capabilities of VAEs}{section.1}% 3
\BOOKMARK [2][-]{subsection.1.3}{Neural Networks}{section.1}% 4
\BOOKMARK [2][-]{subsection.1.4}{ConvNet}{section.1}% 5
\BOOKMARK [1][-]{section.2}{Submission of conference papers to ICLR 2019}{}% 6
\BOOKMARK [2][-]{subsection.2.1}{Style}{section.2}% 7
\BOOKMARK [2][-]{subsection.2.2}{Retrieval of style files}{section.2}% 8
\BOOKMARK [1][-]{section.3}{General formatting instructions}{}% 9
\BOOKMARK [1][-]{section.4}{Headings: first level}{}% 10
\BOOKMARK [2][-]{subsection.4.1}{Headings: second level}{section.4}% 11
\BOOKMARK [3][-]{subsubsection.4.1.1}{Headings: third level}{subsection.4.1}% 12
\BOOKMARK [1][-]{section.5}{Citations, figures, tables, references}{}% 13
\BOOKMARK [2][-]{subsection.5.1}{Citations within the text}{section.5}% 14
\BOOKMARK [2][-]{subsection.5.2}{Footnotes}{section.5}% 15
\BOOKMARK [2][-]{subsection.5.3}{Figures}{section.5}% 16
\BOOKMARK [2][-]{subsection.5.4}{Tables}{section.5}% 17
\BOOKMARK [1][-]{section.6}{Default Notation}{}% 18
\BOOKMARK [1][-]{section.7}{Final instructions}{}% 19
\BOOKMARK [1][-]{section.8}{Preparing PostScript or PDF files}{}% 20
\BOOKMARK [2][-]{subsection.8.1}{Margins in LaTeX}{section.8}% 21
